Build started 12/3/2013 3:39:48 PM.
     1>Project "C:\Users\E\Documents\GitHub\cs184final\as1.vcxproj" on node 2 (Build target(s)).
     1>ClCompile:
         C:\Program Files (x86)\Microsoft Visual Studio 11.0\VC\bin\CL.exe /c /I"glut-3.7.6-bin" /Zi /nologo /W3 /WX- /O2 /Oi /Oy- /GL /D WIN32 /D NDEBUG /D _CONSOLE /D _UNICODE /D UNICODE /Gm- /EHsc /MD /GS /Gy /fp:precise /Zc:wchar_t /Zc:forScope /Fo"Release\\" /Fd"Release\vc110.pdb" /Gd /TP /analyze- /errorReport:prompt main.cpp ParticleSystem.cpp SpatialGrid.cpp
         main.cpp
         ParticleSystem.cpp
     1>ParticleSystem.cpp(27): warning C4305: 'initializing' : truncation from 'double' to 'float'
     1>ParticleSystem.cpp(29): warning C4018: '<' : signed/unsigned mismatch
     1>ParticleSystem.cpp(32): warning C4018: '<' : signed/unsigned mismatch
     1>ParticleSystem.cpp(56): warning C4244: 'return' : conversion from 'double' to 'float', possible loss of data
     1>ParticleSystem.cpp(78): warning C4244: 'initializing' : conversion from 'double' to 'float', possible loss of data
     1>ParticleSystem.cpp(87): warning C4244: 'return' : conversion from 'double' to 'float', possible loss of data
     1>ParticleSystem.cpp(95): warning C4018: '<' : signed/unsigned mismatch
         SpatialGrid.cpp
     1>SpatialGrid.cpp(48): warning C4018: '<' : signed/unsigned mismatch
       Link:
         C:\Program Files (x86)\Microsoft Visual Studio 11.0\VC\bin\link.exe /ERRORREPORT:PROMPT /OUT:"C:\Users\E\Documents\GitHub\cs184final\Release\as4.exe" /INCREMENTAL:NO /NOLOGO /LIBPATH:"glut-3.7.6-bin" kernel32.lib user32.lib gdi32.lib winspool.lib comdlg32.lib advapi32.lib shell32.lib ole32.lib oleaut32.lib uuid.lib odbc32.lib odbccp32.lib /MANIFEST /MANIFESTUAC:"level='asInvoker' uiAccess='false'" /manifest:embed /DEBUG /PDB:"C:\Users\E\Documents\GitHub\cs184final\Release\as4.pdb" /SUBSYSTEM:CONSOLE /OPT:REF /OPT:ICF /LTCG /TLBID:1 /DYNAMICBASE /NXCOMPAT /IMPLIB:"C:\Users\E\Documents\GitHub\cs184final\Release\as4.lib" /MACHINE:X86 /SAFESEH Release\main.obj
         Release\Particle.obj
         Release\ParticleSystem.obj
         Release\Point3D.obj
         Release\SpatialGrid.obj
         Release\Vector.obj
         Generating code
         Finished generating code
         as1.vcxproj -> C:\Users\E\Documents\GitHub\cs184final\Release\as4.exe
     1>Done Building Project "C:\Users\E\Documents\GitHub\cs184final\as1.vcxproj" (Build target(s)).

Build succeeded.

Time Elapsed 00:00:02.23
